<?xml version="1.0" encoding="UTF-8"?>
<!-- Generated by org.testng.reporters.JUnitReportReporter -->
<testsuite hostname="DESKTOP-6T66JUP" failures="0" tests="1" name="com.myproject.myproject.AppTest" time="11.314" errors="0" timestamp="2025-02-21T13:18:52 IST" skipped="0">
  <testcase classname="com.myproject.myproject.AppTest" name="demoTest" time="11.314"/>
  <system-out/>
</testsuite> <!-- com.myproject.myproject.AppTest -->
