<?xml version="1.0" encoding="UTF-8"?>
<!-- Generated by org.testng.reporters.JUnitReportReporter -->
<testsuite hostname="DESKTOP-6T66JUP" failures="0" tests="1" name="com.myproject.myproject.AppTest" time="8.563" errors="0" timestamp="2025-02-06T11:29:36 IST" skipped="0">
  <testcase classname="com.myproject.myproject.AppTest" name="shouldAnswerWithTrue" time="8.563"/>
  <system-out/>
</testsuite> <!-- com.myproject.myproject.AppTest -->
