<?xml version="1.0" encoding="UTF-8"?>
<!-- Generated by org.testng.reporters.JUnitReportReporter -->
<testsuite hostname="DESKTOP-6T66JUP" failures="0" tests="1" name="com.myproject.myproject.ApiTest" time="4.980" errors="0" timestamp="2025-03-07T09:48:26 IST" skipped="0">
  <testcase classname="com.myproject.myproject.ApiTest" name="testLoginSuccess" time="4.980"/>
  <system-out/>
</testsuite> <!-- com.myproject.myproject.ApiTest -->
